2016-11-28 14:03:28,564 p=2368 u=csteel |   [WARNING]: Host file not found: inventory/dev

2016-11-28 14:03:28,566 p=2368 u=csteel |   [WARNING]: provided hosts list is empty, only localhost is available

2016-11-28 14:03:28,697 p=2368 u=csteel |   ____________
< PLAY [all] >
 ------------
        \   ^__^
         \  (oo)\_______
            (__)\       )\/\
                ||----w |
                ||     ||


2016-11-28 14:03:28,697 p=2368 u=csteel |  skipping: no hosts matched
2016-11-28 14:03:28,735 p=2368 u=csteel |   ___________________
< PLAY [controller] >
 -------------------
        \   ^__^
         \  (oo)\_______
            (__)\       )\/\
                ||----w |
                ||     ||


2016-11-28 14:03:28,735 p=2368 u=csteel |  skipping: no hosts matched
2016-11-28 14:03:28,773 p=2368 u=csteel |   ___________________
< PLAY [production] >
 -------------------
        \   ^__^
         \  (oo)\_______
            (__)\       )\/\
                ||----w |
                ||     ||


2016-11-28 14:03:28,774 p=2368 u=csteel |  skipping: no hosts matched
2016-11-28 14:03:28,807 p=2368 u=csteel |   ________________
< PLAY [staging] >
 ----------------
        \   ^__^
         \  (oo)\_______
            (__)\       )\/\
                ||----w |
                ||     ||


2016-11-28 14:03:28,808 p=2368 u=csteel |  skipping: no hosts matched
2016-11-28 14:03:28,841 p=2368 u=csteel |   ____________________
< PLAY [development] >
 --------------------
        \   ^__^
         \  (oo)\_______
            (__)\       )\/\
                ||----w |
                ||     ||


2016-11-28 14:03:28,842 p=2368 u=csteel |  skipping: no hosts matched
2016-11-28 14:03:28,874 p=2368 u=csteel |   ____________
< PLAY RECAP >
 ------------
        \   ^__^
         \  (oo)\_______
            (__)\       )\/\
                ||----w |
                ||     ||


2016-11-28 14:08:28,618 p=2427 u=csteel |   ____________
< PLAY [all] >
 ------------
        \   ^__^
         \  (oo)\_______
            (__)\       )\/\
                ||----w |
                ||     ||


2016-11-28 14:08:28,686 p=2427 u=csteel |   _________________________
< TASK [update apt cache] >
 -------------------------
        \   ^__^
         \  (oo)\_______
            (__)\       )\/\
                ||----w |
                ||     ||


2016-11-28 14:08:28,859 p=2427 u=csteel |  fatal: [localhost]: FAILED! => {"changed": false, "failed": true, "module_stderr": "sudo: sorry, a password is required to run sudo\n", "module_stdout": "", "msg": "MODULE FAILURE", "parsed": false}
2016-11-28 14:08:28,903 p=2427 u=csteel |   ____________________
< NO MORE HOSTS LEFT >
 --------------------
        \   ^__^
         \  (oo)\_______
            (__)\       )\/\
                ||----w |
                ||     ||


2016-11-28 14:08:28,904 p=2427 u=csteel |   [WARNING]: Could not create retry file 'systems.retry'.         [Errno 2] No such file or directory: ''

2016-11-28 14:08:28,937 p=2427 u=csteel |   ____________
< PLAY RECAP >
 ------------
        \   ^__^
         \  (oo)\_______
            (__)\       )\/\
                ||----w |
                ||     ||


2016-11-28 14:08:28,938 p=2427 u=csteel |  localhost                  : ok=0    changed=0    unreachable=0    failed=1   
2016-11-28 14:08:47,665 p=2452 u=csteel |   ____________
< PLAY [all] >
 ------------
        \   ^__^
         \  (oo)\_______
            (__)\       )\/\
                ||----w |
                ||     ||


2016-11-28 14:08:47,731 p=2452 u=csteel |   _________________________
< TASK [update apt cache] >
 -------------------------
        \   ^__^
         \  (oo)\_______
            (__)\       )\/\
                ||----w |
                ||     ||


2016-11-28 14:08:48,597 p=2452 u=csteel |  ok: [localhost]
2016-11-28 14:08:48,643 p=2452 u=csteel |   ___________________
< PLAY [controller] >
 -------------------
        \   ^__^
         \  (oo)\_______
            (__)\       )\/\
                ||----w |
                ||     ||


2016-11-28 14:08:48,643 p=2452 u=csteel |  skipping: no hosts matched
2016-11-28 14:08:48,687 p=2452 u=csteel |   ___________________
< PLAY [production] >
 -------------------
        \   ^__^
         \  (oo)\_______
            (__)\       )\/\
                ||----w |
                ||     ||


2016-11-28 14:08:48,734 p=2452 u=csteel |   ____________________________________________________________
< TASK [production : ensure for production server directory] >
 ------------------------------------------------------------
        \   ^__^
         \  (oo)\_______
            (__)\       )\/\
                ||----w |
                ||     ||


2016-11-28 14:08:48,768 p=2452 u=csteel |  fatal: [localhost]: FAILED! => {"failed": true, "msg": "the field 'args' has an invalid value, which appears to include a variable that is undefined. The error was: {{ production_project_root_path}}/prod-srv: {{ production_projects_root_path }}/{{ production_project_type }}/{{ production_project_group }}/{{ production_project_name }}: /home/{{ development_user }}/projects: 'development_user' is undefined\n\nThe error appears to have been in '/home/csteel/projects/ansible/create_project/roles/production/tasks/main.yml': line 4, column 3, but may\nbe elsewhere in the file depending on the exact syntax problem.\n\nThe offending line appears to be:\n\n\n- name: \"ensure for production server directory\"\n  ^ here\n"}
2016-11-28 14:08:48,810 p=2452 u=csteel |   ____________________
< NO MORE HOSTS LEFT >
 --------------------
        \   ^__^
         \  (oo)\_______
            (__)\       )\/\
                ||----w |
                ||     ||


2016-11-28 14:08:48,812 p=2452 u=csteel |   [WARNING]: Could not create retry file 'systems.retry'.         [Errno 2] No such file or directory: ''

2016-11-28 14:08:48,847 p=2452 u=csteel |   ____________
< PLAY RECAP >
 ------------
        \   ^__^
         \  (oo)\_______
            (__)\       )\/\
                ||----w |
                ||     ||


2016-11-28 14:08:48,847 p=2452 u=csteel |  localhost                  : ok=1    changed=0    unreachable=0    failed=1   
2016-11-28 14:10:19,091 p=2519 u=csteel |   ____________
< PLAY [all] >
 ------------
        \   ^__^
         \  (oo)\_______
            (__)\       )\/\
                ||----w |
                ||     ||


2016-11-28 14:10:19,156 p=2519 u=csteel |   _________________________
< TASK [update apt cache] >
 -------------------------
        \   ^__^
         \  (oo)\_______
            (__)\       )\/\
                ||----w |
                ||     ||


2016-11-28 14:10:20,054 p=2519 u=csteel |  ok: [localhost]
2016-11-28 14:10:20,104 p=2519 u=csteel |   ___________________
< PLAY [controller] >
 -------------------
        \   ^__^
         \  (oo)\_______
            (__)\       )\/\
                ||----w |
                ||     ||


2016-11-28 14:10:20,104 p=2519 u=csteel |  skipping: no hosts matched
2016-11-28 14:10:20,147 p=2519 u=csteel |   ___________________
< PLAY [production] >
 -------------------
        \   ^__^
         \  (oo)\_______
            (__)\       )\/\
                ||----w |
                ||     ||


2016-11-28 14:10:20,198 p=2519 u=csteel |   ____________________________________________________________
< TASK [production : ensure for production server directory] >
 ------------------------------------------------------------
        \   ^__^
         \  (oo)\_______
            (__)\       )\/\
                ||----w |
                ||     ||


2016-11-28 14:10:20,459 p=2519 u=csteel |  changed: [localhost]
2016-11-28 14:10:20,504 p=2519 u=csteel |   _________________________________________________________
< TASK [production : create a bare production repository] >
 ---------------------------------------------------------
        \   ^__^
         \  (oo)\_______
            (__)\       )\/\
                ||----w |
                ||     ||


2016-11-28 14:10:20,773 p=2519 u=csteel |  changed: [localhost]
2016-11-28 14:10:20,775 p=2519 u=csteel |   [WARNING]: Consider using git module rather than running git

2016-11-28 14:10:20,823 p=2519 u=csteel |   ______________________________________________________
/ TASK [production : template production repos hooks - \
\ post-receive]                                        /
 ------------------------------------------------------
        \   ^__^
         \  (oo)\_______
            (__)\       )\/\
                ||----w |
                ||     ||


2016-11-28 14:10:21,285 p=2519 u=csteel |  changed: [localhost]
2016-11-28 14:10:21,340 p=2519 u=csteel |   ________________
< PLAY [staging] >
 ----------------
        \   ^__^
         \  (oo)\_______
            (__)\       )\/\
                ||----w |
                ||     ||


2016-11-28 14:10:21,390 p=2519 u=csteel |   ______________________________________________________
< TASK [staging : ensure for staging server directory] >
 ------------------------------------------------------
        \   ^__^
         \  (oo)\_______
            (__)\       )\/\
                ||----w |
                ||     ||


2016-11-28 14:10:21,585 p=2519 u=csteel |  changed: [localhost]
2016-11-28 14:10:21,639 p=2519 u=csteel |   ____________________
< PLAY [development] >
 --------------------
        \   ^__^
         \  (oo)\_______
            (__)\       )\/\
                ||----w |
                ||     ||


2016-11-28 14:10:21,693 p=2519 u=csteel |   ________________________________________________________
/ TASK [development : ensure for the development project \
\ repository (clone)]                                    /
 --------------------------------------------------------
        \   ^__^
         \  (oo)\_______
            (__)\       )\/\
                ||----w |
                ||     ||


2016-11-28 14:10:30,658 p=2519 u=csteel |  fatal: [localhost]: FAILED! => {"changed": false, "cmd": "/usr/bin/git ls-remote '' -h refs/heads/HEAD", "failed": true, "msg": "ERROR: Repository not found.\nfatal: The remote end hung up unexpectedly", "rc": 128, "stderr": "ERROR: Repository not found.\nfatal: The remote end hung up unexpectedly\n", "stdout": "", "stdout_lines": []}
2016-11-28 14:10:30,707 p=2519 u=csteel |   ____________________
< NO MORE HOSTS LEFT >
 --------------------
        \   ^__^
         \  (oo)\_______
            (__)\       )\/\
                ||----w |
                ||     ||


2016-11-28 14:10:30,708 p=2519 u=csteel |   [WARNING]: Could not create retry file 'systems.retry'.         [Errno 2] No such file or directory: ''

2016-11-28 14:10:30,740 p=2519 u=csteel |   ____________
< PLAY RECAP >
 ------------
        \   ^__^
         \  (oo)\_______
            (__)\       )\/\
                ||----w |
                ||     ||


2016-11-28 14:10:30,741 p=2519 u=csteel |  localhost                  : ok=5    changed=4    unreachable=0    failed=1   
2016-11-28 14:11:18,775 p=2739 u=csteel |   ____________
< PLAY [all] >
 ------------
        \   ^__^
         \  (oo)\_______
            (__)\       )\/\
                ||----w |
                ||     ||


2016-11-28 14:11:18,836 p=2739 u=csteel |   _________________________
< TASK [update apt cache] >
 -------------------------
        \   ^__^
         \  (oo)\_______
            (__)\       )\/\
                ||----w |
                ||     ||


2016-11-28 14:11:19,747 p=2739 u=csteel |  ok: [localhost]
2016-11-28 14:11:19,794 p=2739 u=csteel |   ___________________
< PLAY [controller] >
 -------------------
        \   ^__^
         \  (oo)\_______
            (__)\       )\/\
                ||----w |
                ||     ||


2016-11-28 14:11:19,794 p=2739 u=csteel |  skipping: no hosts matched
2016-11-28 14:11:19,847 p=2739 u=csteel |   ___________________
< PLAY [production] >
 -------------------
        \   ^__^
         \  (oo)\_______
            (__)\       )\/\
                ||----w |
                ||     ||


2016-11-28 14:11:19,890 p=2739 u=csteel |   ____________________________________________________________
< TASK [production : ensure for production server directory] >
 ------------------------------------------------------------
        \   ^__^
         \  (oo)\_______
            (__)\       )\/\
                ||----w |
                ||     ||


2016-11-28 14:11:20,146 p=2739 u=csteel |  ok: [localhost]
2016-11-28 14:11:20,191 p=2739 u=csteel |   _________________________________________________________
< TASK [production : create a bare production repository] >
 ---------------------------------------------------------
        \   ^__^
         \  (oo)\_______
            (__)\       )\/\
                ||----w |
                ||     ||


2016-11-28 14:11:20,457 p=2739 u=csteel |  ok: [localhost]
2016-11-28 14:11:20,503 p=2739 u=csteel |   ______________________________________________________
/ TASK [production : template production repos hooks - \
\ post-receive]                                        /
 ------------------------------------------------------
        \   ^__^
         \  (oo)\_______
            (__)\       )\/\
                ||----w |
                ||     ||


2016-11-28 14:11:20,883 p=2739 u=csteel |  ok: [localhost]
2016-11-28 14:11:20,934 p=2739 u=csteel |   ________________
< PLAY [staging] >
 ----------------
        \   ^__^
         \  (oo)\_______
            (__)\       )\/\
                ||----w |
                ||     ||


2016-11-28 14:11:20,981 p=2739 u=csteel |   ______________________________________________________
< TASK [staging : ensure for staging server directory] >
 ------------------------------------------------------
        \   ^__^
         \  (oo)\_______
            (__)\       )\/\
                ||----w |
                ||     ||


2016-11-28 14:11:21,154 p=2739 u=csteel |  ok: [localhost]
2016-11-28 14:11:21,207 p=2739 u=csteel |   ____________________
< PLAY [development] >
 --------------------
        \   ^__^
         \  (oo)\_______
            (__)\       )\/\
                ||----w |
                ||     ||


2016-11-28 14:11:21,261 p=2739 u=csteel |   ________________________________________________________
/ TASK [development : ensure for the development project \
\ repository (clone)]                                    /
 --------------------------------------------------------
        \   ^__^
         \  (oo)\_______
            (__)\       )\/\
                ||----w |
                ||     ||


2016-11-28 14:11:31,779 p=2739 u=csteel |  changed: [localhost]
2016-11-28 14:11:31,825 p=2739 u=csteel |   ________________________________________________
/ TASK [development : template development repos \
\ .git/hooks/post-commit]                        /
 ------------------------------------------------
        \   ^__^
         \  (oo)\_______
            (__)\       )\/\
                ||----w |
                ||     ||


2016-11-28 14:11:31,885 p=2739 u=csteel |  fatal: [localhost]: FAILED! => {"changed": false, "failed": true, "msg": "IOError: [Errno 2] No such file or directory: u'/home/csteel/projects/ansible/create_project/.git/hooks/development/post-commit.j2'"}
2016-11-28 14:11:31,928 p=2739 u=csteel |   ____________________
< NO MORE HOSTS LEFT >
 --------------------
        \   ^__^
         \  (oo)\_______
            (__)\       )\/\
                ||----w |
                ||     ||


2016-11-28 14:11:31,929 p=2739 u=csteel |   [WARNING]: Could not create retry file 'systems.retry'.         [Errno 2] No such file or directory: ''

2016-11-28 14:11:31,962 p=2739 u=csteel |   ____________
< PLAY RECAP >
 ------------
        \   ^__^
         \  (oo)\_______
            (__)\       )\/\
                ||----w |
                ||     ||


2016-11-28 14:11:31,963 p=2739 u=csteel |  localhost                  : ok=6    changed=1    unreachable=0    failed=1   
2016-11-28 14:22:20,332 p=3176 u=csteel |   ____________
< PLAY [all] >
 ------------
        \   ^__^
         \  (oo)\_______
            (__)\       )\/\
                ||----w |
                ||     ||


2016-11-28 14:22:20,399 p=3176 u=csteel |   _________________________
< TASK [update apt cache] >
 -------------------------
        \   ^__^
         \  (oo)\_______
            (__)\       )\/\
                ||----w |
                ||     ||


2016-11-28 14:22:21,328 p=3176 u=csteel |  ok: [localhost]
2016-11-28 14:22:21,376 p=3176 u=csteel |   ___________________
< PLAY [controller] >
 -------------------
        \   ^__^
         \  (oo)\_______
            (__)\       )\/\
                ||----w |
                ||     ||


2016-11-28 14:22:21,377 p=3176 u=csteel |  skipping: no hosts matched
2016-11-28 14:22:21,419 p=3176 u=csteel |   ___________________
< PLAY [production] >
 -------------------
        \   ^__^
         \  (oo)\_______
            (__)\       )\/\
                ||----w |
                ||     ||


2016-11-28 14:22:21,471 p=3176 u=csteel |   ____________________________________________________________
< TASK [production : ensure for production server directory] >
 ------------------------------------------------------------
        \   ^__^
         \  (oo)\_______
            (__)\       )\/\
                ||----w |
                ||     ||


2016-11-28 14:22:21,742 p=3176 u=csteel |  ok: [localhost]
2016-11-28 14:22:21,789 p=3176 u=csteel |   _________________________________________________________
< TASK [production : create a bare production repository] >
 ---------------------------------------------------------
        \   ^__^
         \  (oo)\_______
            (__)\       )\/\
                ||----w |
                ||     ||


2016-11-28 14:22:22,055 p=3176 u=csteel |  ok: [localhost]
2016-11-28 14:22:22,102 p=3176 u=csteel |   ______________________________________________________
/ TASK [production : template production repos hooks - \
\ post-receive]                                        /
 ------------------------------------------------------
        \   ^__^
         \  (oo)\_______
            (__)\       )\/\
                ||----w |
                ||     ||


2016-11-28 14:22:22,455 p=3176 u=csteel |  ok: [localhost]
2016-11-28 14:22:22,512 p=3176 u=csteel |   ________________
< PLAY [staging] >
 ----------------
        \   ^__^
         \  (oo)\_______
            (__)\       )\/\
                ||----w |
                ||     ||


2016-11-28 14:22:22,556 p=3176 u=csteel |   ______________________________________________________
< TASK [staging : ensure for staging server directory] >
 ------------------------------------------------------
        \   ^__^
         \  (oo)\_______
            (__)\       )\/\
                ||----w |
                ||     ||


2016-11-28 14:22:22,731 p=3176 u=csteel |  ok: [localhost]
2016-11-28 14:22:22,793 p=3176 u=csteel |   ____________________
< PLAY [development] >
 --------------------
        \   ^__^
         \  (oo)\_______
            (__)\       )\/\
                ||----w |
                ||     ||


2016-11-28 14:22:22,839 p=3176 u=csteel |   ________________________________________________________
/ TASK [development : ensure for the development project \
\ repository (clone)]                                    /
 --------------------------------------------------------
        \   ^__^
         \  (oo)\_______
            (__)\       )\/\
                ||----w |
                ||     ||


2016-11-28 14:22:24,080 p=3176 u=csteel |  ok: [localhost]
2016-11-28 14:22:24,128 p=3176 u=csteel |   ________________________________________________
/ TASK [development : template development repos \
\ .git/hooks/post-commit]                        /
 ------------------------------------------------
        \   ^__^
         \  (oo)\_______
            (__)\       )\/\
                ||----w |
                ||     ||


2016-11-28 14:22:24,189 p=3176 u=csteel |  fatal: [localhost]: FAILED! => {"changed": false, "failed": true, "msg": "IOError: [Errno 2] No such file or directory: u'/home/csteel/projects/ansible/create_project/.git/hooks/development/post-commit.j2'"}
2016-11-28 14:22:24,235 p=3176 u=csteel |   ____________________
< NO MORE HOSTS LEFT >
 --------------------
        \   ^__^
         \  (oo)\_______
            (__)\       )\/\
                ||----w |
                ||     ||


2016-11-28 14:22:24,237 p=3176 u=csteel |   [WARNING]: Could not create retry file 'systems.retry'.         [Errno 2] No such file or directory: ''

2016-11-28 14:22:24,274 p=3176 u=csteel |   ____________
< PLAY RECAP >
 ------------
        \   ^__^
         \  (oo)\_______
            (__)\       )\/\
                ||----w |
                ||     ||


2016-11-28 14:22:24,274 p=3176 u=csteel |  localhost                  : ok=6    changed=0    unreachable=0    failed=1   
2016-11-28 14:24:29,778 p=3395 u=csteel |   ____________
< PLAY [all] >
 ------------
        \   ^__^
         \  (oo)\_______
            (__)\       )\/\
                ||----w |
                ||     ||


2016-11-28 14:24:29,839 p=3395 u=csteel |   _________________________
< TASK [update apt cache] >
 -------------------------
        \   ^__^
         \  (oo)\_______
            (__)\       )\/\
                ||----w |
                ||     ||


2016-11-28 14:24:30,768 p=3395 u=csteel |  ok: [localhost]
2016-11-28 14:24:30,814 p=3395 u=csteel |   ___________________
< PLAY [controller] >
 -------------------
        \   ^__^
         \  (oo)\_______
            (__)\       )\/\
                ||----w |
                ||     ||


2016-11-28 14:24:30,814 p=3395 u=csteel |  skipping: no hosts matched
2016-11-28 14:24:30,859 p=3395 u=csteel |   ___________________
< PLAY [production] >
 -------------------
        \   ^__^
         \  (oo)\_______
            (__)\       )\/\
                ||----w |
                ||     ||


2016-11-28 14:24:30,911 p=3395 u=csteel |   ____________________________________________________________
< TASK [production : ensure for production server directory] >
 ------------------------------------------------------------
        \   ^__^
         \  (oo)\_______
            (__)\       )\/\
                ||----w |
                ||     ||


2016-11-28 14:24:31,161 p=3395 u=csteel |  ok: [localhost]
2016-11-28 14:24:31,217 p=3395 u=csteel |   _________________________________________________________
< TASK [production : create a bare production repository] >
 ---------------------------------------------------------
        \   ^__^
         \  (oo)\_______
            (__)\       )\/\
                ||----w |
                ||     ||


2016-11-28 14:24:31,494 p=3395 u=csteel |  ok: [localhost]
2016-11-28 14:24:31,544 p=3395 u=csteel |   ______________________________________________________
/ TASK [production : template production repos hooks - \
\ post-receive]                                        /
 ------------------------------------------------------
        \   ^__^
         \  (oo)\_______
            (__)\       )\/\
                ||----w |
                ||     ||


2016-11-28 14:24:31,922 p=3395 u=csteel |  ok: [localhost]
2016-11-28 14:24:31,973 p=3395 u=csteel |   ________________
< PLAY [staging] >
 ----------------
        \   ^__^
         \  (oo)\_______
            (__)\       )\/\
                ||----w |
                ||     ||


2016-11-28 14:24:32,022 p=3395 u=csteel |   ______________________________________________________
< TASK [staging : ensure for staging server directory] >
 ------------------------------------------------------
        \   ^__^
         \  (oo)\_______
            (__)\       )\/\
                ||----w |
                ||     ||


2016-11-28 14:24:32,218 p=3395 u=csteel |  ok: [localhost]
2016-11-28 14:24:32,270 p=3395 u=csteel |   ____________________
< PLAY [development] >
 --------------------
        \   ^__^
         \  (oo)\_______
            (__)\       )\/\
                ||----w |
                ||     ||


2016-11-28 14:24:32,323 p=3395 u=csteel |   ________________________________________________________
/ TASK [development : ensure for the development project \
\ repository (clone)]                                    /
 --------------------------------------------------------
        \   ^__^
         \  (oo)\_______
            (__)\       )\/\
                ||----w |
                ||     ||


2016-11-28 14:24:33,553 p=3395 u=csteel |  ok: [localhost]
2016-11-28 14:24:33,598 p=3395 u=csteel |   ________________________________________________
/ TASK [development : template development repos \
\ .git/hooks/post-commit]                        /
 ------------------------------------------------
        \   ^__^
         \  (oo)\_______
            (__)\       )\/\
                ||----w |
                ||     ||


2016-11-28 14:24:33,966 p=3395 u=csteel |  changed: [localhost]
2016-11-28 14:24:34,010 p=3395 u=csteel |   ____________________________________________________________
/ TASK [development : Execute 'git remote add production' in \
\ the development repo]                                      /
 ------------------------------------------------------------
        \   ^__^
         \  (oo)\_______
            (__)\       )\/\
                ||----w |
                ||     ||


2016-11-28 14:24:34,200 p=3395 u=csteel |  changed: [localhost]
2016-11-28 14:24:34,202 p=3395 u=csteel |   [WARNING]: Consider using git module rather than running git

2016-11-28 14:24:34,244 p=3395 u=csteel |   ____________
< PLAY RECAP >
 ------------
        \   ^__^
         \  (oo)\_______
            (__)\       )\/\
                ||----w |
                ||     ||


2016-11-28 14:24:34,245 p=3395 u=csteel |  localhost                  : ok=8    changed=2    unreachable=0    failed=0   
